# JRE version: Java(TM) SE Runtime Environment (22.0+36) (build 22+36-2370)
# Java VM: Java HotSpot(TM) 64-Bit Server VM (22+36-2370, mixed mode, emulated-client, sharing, tiered, compressed oops, compressed class ptrs, g1 gc, windows-amd64)
GC Precious Log:
 CardTable entry size: 512
 Card Set container configuration: InlinePtr #cards 5 size 8 Array Of Cards #cards 12 size 40 Howl #buckets 4 coarsen threshold 1843 Howl Bitmap #cards 512 size 80 coarsen threshold 460 Card regions per heap region 1 cards per card region 2048
 CPUs: 8 total, 8 available
 Memory: 6091M
 Large Page Support: Disabled
 NUMA Support: Disabled
 Compressed Oops: Enabled (32-bit)
 Heap Region Size: 1M
 Heap Min Capacity: 8M
 Heap Initial Capacity: 96M
 Heap Max Capacity: 1524M
 Pre-touch: Disabled
 Parallel Workers: 8
 Concurrent Workers: 2
 Concurrent Refinement Workers: 8
 Periodic GC: Disabled
Heap:
 garbage-first heap   total reserved 1560576K, committed 51200K, used 29657K [0x00000000a0c00000, 0x0000000100000000)
  region size 1024K, 2 young (2048K), 2 survivors (2048K)
 Metaspace       used 58466K, committed 59200K, reserved 1114112K
  class space    used 8517K, committed 8832K, reserved 1048576K
GC Heap History (20 events):
Event: 5.789 GC heap after
{Heap after GC invocations=3 (full 0):
 garbage-first heap   total reserved 1560576K, committed 98304K, used 14391K [0x00000000a0c00000, 0x0000000100000000)
  region size 1024K, 7 young (7168K), 7 survivors (7168K)
 Metaspace       used 21165K, committed 21504K, reserved 1114112K
  class space    used 2830K, committed 3008K, reserved 1048576K
}
Event: 6.830 GC heap before
{Heap before GC invocations=4 (full 0):
 garbage-first heap   total reserved 1560576K, committed 51200K, used 37943K [0x00000000a0c00000, 0x0000000100000000)
  region size 1024K, 30 young (30720K), 7 survivors (7168K)
 Metaspace       used 24599K, committed 25024K, reserved 1114112K
  class space    used 3357K, committed 3520K, reserved 1048576K
}
Event: 6.848 GC heap after
{Heap after GC invocations=5 (full 0):
 garbage-first heap   total reserved 1560576K, committed 51200K, used 16598K [0x00000000a0c00000, 0x0000000100000000)
  region size 1024K, 3 young (3072K), 3 survivors (3072K)
 Metaspace       used 24599K, committed 25024K, reserved 1114112K
  class space    used 3357K, committed 3520K, reserved 1048576K
}
Event: 7.814 GC heap before
{Heap before GC invocations=5 (full 0):
 garbage-first heap   total reserved 1560576K, committed 51200K, used 38102K [0x00000000a0c00000, 0x0000000100000000)
  region size 1024K, 25 young (25600K), 3 survivors (3072K)
 Metaspace       used 29088K, committed 29568K, reserved 1114112K
  class space    used 3993K, committed 4160K, reserved 1048576K
}
Event: 7.831 GC heap after
{Heap after GC invocations=6 (full 0):
 garbage-first heap   total reserved 1560576K, committed 51200K, used 18367K [0x00000000a0c00000, 0x0000000100000000)
  region size 1024K, 4 young (4096K), 4 survivors (4096K)
 Metaspace       used 29088K, committed 29568K, reserved 1114112K
  class space    used 3993K, committed 4160K, reserved 1048576K
}
Event: 8.638 GC heap before
{Heap before GC invocations=6 (full 0):
 garbage-first heap   total reserved 1560576K, committed 51200K, used 39871K [0x00000000a0c00000, 0x0000000100000000)
  region size 1024K, 26 young (26624K), 4 survivors (4096K)
 Metaspace       used 34088K, committed 34688K, reserved 1114112K
  class space    used 4605K, committed 4864K, reserved 1048576K
}
Event: 8.649 GC heap after
{Heap after GC invocations=7 (full 0):
 garbage-first heap   total reserved 1560576K, committed 51200K, used 21089K [0x00000000a0c00000, 0x0000000100000000)
  region size 1024K, 3 young (3072K), 3 survivors (3072K)
 Metaspace       used 34088K, committed 34688K, reserved 1114112K
  class space    used 4605K, committed 4864K, reserved 1048576K
}
Event: 9.014 GC heap before
{Heap before GC invocations=7 (full 0):
 garbage-first heap   total reserved 1560576K, committed 51200K, used 26209K [0x00000000a0c00000, 0x0000000100000000)
  region size 1024K, 9 young (9216K), 3 survivors (3072K)
 Metaspace       used 35468K, committed 35968K, reserved 1114112K
  class space    used 4823K, committed 5056K, reserved 1048576K
}
Event: 9.019 GC heap after
{Heap after GC invocations=8 (full 0):
 garbage-first heap   total reserved 1560576K, committed 51200K, used 21745K [0x00000000a0c00000, 0x0000000100000000)
  region size 1024K, 1 young (1024K), 1 survivors (1024K)
 Metaspace       used 35468K, committed 35968K, reserved 1114112K
  class space    used 4823K, committed 5056K, reserved 1048576K
}
Event: 10.124 GC heap before
{Heap before GC invocations=9 (full 0):
 garbage-first heap   total reserved 1560576K, committed 51200K, used 41201K [0x00000000a0c00000, 0x0000000100000000)
  region size 1024K, 21 young (21504K), 1 survivors (1024K)
 Metaspace       used 40917K, committed 41472K, reserved 1114112K
  class space    used 5742K, committed 5952K, reserved 1048576K
}
Event: 10.128 GC heap after
{Heap after GC invocations=10 (full 0):
 garbage-first heap   total reserved 1560576K, committed 51200K, used 22766K [0x00000000a0c00000, 0x0000000100000000)
  region size 1024K, 2 young (2048K), 2 survivors (2048K)
 Metaspace       used 40917K, committed 41472K, reserved 1114112K
  class space    used 5742K, committed 5952K, reserved 1048576K
}
Event: 11.013 GC heap before
{Heap before GC invocations=10 (full 0):
 garbage-first heap   total reserved 1560576K, committed 51200K, used 43246K [0x00000000a0c00000, 0x0000000100000000)
  region size 1024K, 22 young (22528K), 2 survivors (2048K)
 Metaspace       used 47380K, committed 47936K, reserved 1114112K
  class space    used 6689K, committed 6912K, reserved 1048576K
}
Event: 11.018 GC heap after
{Heap after GC invocations=11 (full 0):
 garbage-first heap   total reserved 1560576K, committed 51200K, used 23279K [0x00000000a0c00000, 0x0000000100000000)
  region size 1024K, 3 young (3072K), 3 survivors (3072K)
 Metaspace       used 47380K, committed 47936K, reserved 1114112K
  class space    used 6689K, committed 6912K, reserved 1048576K
}
Event: 11.849 GC heap before
{Heap before GC invocations=11 (full 0):
 garbage-first heap   total reserved 1560576K, committed 51200K, used 43759K [0x00000000a0c00000, 0x0000000100000000)
  region size 1024K, 23 young (23552K), 3 survivors (3072K)
 Metaspace       used 52015K, committed 52672K, reserved 1114112K
  class space    used 7456K, committed 7744K, reserved 1048576K
}
Event: 11.853 GC heap after
{Heap after GC invocations=12 (full 0):
 garbage-first heap   total reserved 1560576K, committed 51200K, used 24730K [0x00000000a0c00000, 0x0000000100000000)
  region size 1024K, 3 young (3072K), 3 survivors (3072K)
 Metaspace       used 52015K, committed 52672K, reserved 1114112K
  class space    used 7456K, committed 7744K, reserved 1048576K
}
Event: 12.451 GC heap before
{Heap before GC invocations=12 (full 0):
 garbage-first heap   total reserved 1560576K, committed 51200K, used 44186K [0x00000000a0c00000, 0x0000000100000000)
  region size 1024K, 22 young (22528K), 3 survivors (3072K)
 Metaspace       used 55129K, committed 55744K, reserved 1114112K
  class space    used 7908K, committed 8192K, reserved 1048576K
}
Event: 12.456 GC heap after
{Heap after GC invocations=13 (full 0):
 garbage-first heap   total reserved 1560576K, committed 51200K, used 26026K [0x00000000a0c00000, 0x0000000100000000)
  region size 1024K, 3 young (3072K), 3 survivors (3072K)
 Metaspace       used 55129K, committed 55744K, reserved 1114112K
  class space    used 7908K, committed 8192K, reserved 1048576K
}
Event: 13.038 GC heap before
{Heap before GC invocations=13 (full 0):
 garbage-first heap   total reserved 1560576K, committed 51200K, used 44458K [0x00000000a0c00000, 0x0000000100000000)
  region size 1024K, 21 young (21504K), 3 survivors (3072K)
 Metaspace       used 56848K, committed 57536K, reserved 1114112K
  class space    used 8171K, committed 8448K, reserved 1048576K
}
Event: 13.045 GC heap after
{Heap after GC invocations=14 (full 0):
 garbage-first heap   total reserved 1560576K, committed 51200K, used 27818K [0x00000000a0c00000, 0x0000000100000000)
  region size 1024K, 3 young (3072K), 3 survivors (3072K)
 Metaspace       used 56848K, committed 57536K, reserved 1114112K
  class space    used 8171K, committed 8448K, reserved 1048576K
}
Event: 13.680 GC heap before
{Heap before GC invocations=15 (full 0):
 garbage-first heap   total reserved 1560576K, committed 51200K, used 44202K [0x00000000a0c00000, 0x0000000100000000)
  region size 1024K, 19 young (19456K), 3 survivors (3072K)
 Metaspace       used 58466K, committed 59200K, reserved 1114112K
  class space    used 8517K, committed 8832K, reserved 1048576K
}

